
--------------------------------------------------
TXLib соболезнует...

Программа: C:\Users\kolys\OneDrive\Рабочий стол\кв ур\кв ур3\квадратное ур3.exe, файл: C:\Users\kolys\OneDrive\Рабочий стол\кв ур\кв ур3\квадратное ур3.cpp, строка: 178, функция: int InputAllRatioEquation(ratiosq*),

Сообщение: ВНЕЗАПНО: Логическая ошибка: Неверно, что "MainRatios -> a != MainRatios -> c".

#1: TXLib [Ver: 00173a, Rev: 173, Date: 2024-06-23 22:37:05 +0400], Instance: 0x005072FC (32-bit), Flags: Cmdre0, Thread: 0x5D58 (Main). 

--------------------------------------------------
Стек вызовов:

# 0 0x0042C93C in C:\Users\kolys\OneDrive\Рабочий стол\кв ур\кв ур3\квадратное ур3.exe: InputAllRatioEquation() at C:/Users/kolys/OneDrive/Рабочий стол/кв ур/кв ур3/квадратное ур3.cpp (178):

    176:     assert(MainRatios != NULL);
    177: 
=>  178:     assert(MainRatios -> a  != MainRatios -> c);
    179:     assert(MainRatios -> a != MainRatios -> b);
    180:     assert(MainRatios -> b != MainRatios -> c);

# 1 0x0042C2A2 in C:\Users\kolys\OneDrive\Рабочий стол\кв ур\кв ур3\квадратное ур3.exe: main() at C:/Users/kolys/OneDrive/Рабочий стол/кв ур/кв ур3/квадратное ур3.cpp (58):

     56:     printf("ax^2+bx+c=0\n");
     57: 
=>   58:     if(InputAllRatioEquation(&MainRatios) == ONEEOF)
     59:     {
     60:         printf("EOF");

--------------------------------------------------
Developed with:

The Dumb Artist Library (TX Library)
TXLib [Ver: 00173a, Rev: 173, Date: 2024-06-23 22:37:05 +0400]
Copyright (C) Ded (Ilya Dedinsky, http://txlib.ru) <mail@txlib.ru>
See license on: http://txlib.ru

TXLib file:	c:\users\kolys\downloads\codeblocks\mingw\include\txlib.h
Compiled:	Aug 22 2024 21:41:25, GNU g++ 4.8.1, std=201103L, MinGW Runtime 3.20, 32-bit, DEBUG
Started:	Aug 22 2024 21:41:30

Run file:	C:\Users\kolys\OneDrive\Рабочий стол\кв ур\кв ур3\квадратное ур3.exe
Directory:	C:\Users\kolys\OneDrive\Рабочий стол\кв ур\кв ур3

--------------------------------------------------

--------------------------------------------------
TXLib соболезнует...

Программа: C:\Users\kolys\OneDrive\Рабочий стол\кв ур\кв ур3\квадратное ур3.exe, файл: C:\Users\kolys\OneDrive\Рабочий стол\кв ур\кв ур3\квадратное ур3.cpp, строка: 178, функция: int InputAllRatioEquation(ratiosq*),

Сообщение: ВНЕЗАПНО: Логическая ошибка: Неверно, что "MainRatios -> a != MainRatios -> c".

#1: TXLib [Ver: 00173a, Rev: 173, Date: 2024-06-23 22:37:05 +0400], Instance: 0x005072FC (32-bit), Flags: Cmdre0, Thread: 0xA40C (Main). 

--------------------------------------------------
Стек вызовов:

# 0 0x0042C93C in C:\Users\kolys\OneDrive\Рабочий стол\кв ур\кв ур3\квадратное ур3.exe: InputAllRatioEquation() at C:/Users/kolys/OneDrive/Рабочий стол/кв ур/кв ур3/квадратное ур3.cpp (178):

    176:     assert(MainRatios != NULL);
    177: 
=>  178:     assert(MainRatios -> a  != MainRatios -> c);
    179:     assert(MainRatios -> a != MainRatios -> b);
    180:     assert(MainRatios -> b != MainRatios -> c);

# 1 0x0042C2A2 in C:\Users\kolys\OneDrive\Рабочий стол\кв ур\кв ур3\квадратное ур3.exe: main() at C:/Users/kolys/OneDrive/Рабочий стол/кв ур/кв ур3/квадратное ур3.cpp (58):

     56:     printf("ax^2+bx+c=0\n");
     57: 
=>   58:     if(InputAllRatioEquation(&MainRatios) == ONEEOF)
     59:     {
     60:         printf("EOF");

--------------------------------------------------
Developed with:

The Dumb Artist Library (TX Library)
TXLib [Ver: 00173a, Rev: 173, Date: 2024-06-23 22:37:05 +0400]
Copyright (C) Ded (Ilya Dedinsky, http://txlib.ru) <mail@txlib.ru>
See license on: http://txlib.ru

TXLib file:	c:\users\kolys\downloads\codeblocks\mingw\include\txlib.h
Compiled:	Aug 22 2024 21:43:56, GNU g++ 4.8.1, std=201103L, MinGW Runtime 3.20, 32-bit, DEBUG
Started:	Aug 22 2024 21:44:00

Run file:	C:\Users\kolys\OneDrive\Рабочий стол\кв ур\кв ур3\квадратное ур3.exe
Directory:	C:\Users\kolys\OneDrive\Рабочий стол\кв ур\кв ур3

--------------------------------------------------

--------------------------------------------------
TXLib соболезнует...

Программа: C:\Users\kolys\OneDrive\Рабочий стол\кв ур\кв ур3\квадратное ур3.exe, файл: C:\Users\kolys\OneDrive\Рабочий стол\кв ур\кв ур3\квадратное ур3.cpp, строка: 178, функция: int InputAllRatioEquation(ratiosq*),

Сообщение: ВНЕЗАПНО: Логическая ошибка: Неверно, что "MainRatios -> a != MainRatios -> c".

#1: TXLib [Ver: 00173a, Rev: 173, Date: 2024-06-23 22:37:05 +0400], Instance: 0x005072FC (32-bit), Flags: Cmdre0, Thread: 0xA440 (Main). 

--------------------------------------------------
Стек вызовов:

# 0 0x0042C871 in C:\Users\kolys\OneDrive\Рабочий стол\кв ур\кв ур3\квадратное ур3.exe: InputAllRatioEquation() at C:/Users/kolys/OneDrive/Рабочий стол/кв ур/кв ур3/квадратное ур3.cpp (178):

    176:     assert(MainRatios != NULL);
    177: 
=>  178:     assert(MainRatios -> a  != MainRatios -> c);
    179:     assert(MainRatios -> a != MainRatios -> b);
    180:     assert(MainRatios -> b != MainRatios -> c);

# 1 0x0042C2A2 in C:\Users\kolys\OneDrive\Рабочий стол\кв ур\кв ур3\квадратное ур3.exe: main() at C:/Users/kolys/OneDrive/Рабочий стол/кв ур/кв ур3/квадратное ур3.cpp (58):

     56:     printf("ax^2+bx+c=0\n");
     57: 
=>   58:     if(InputAllRatioEquation(&MainRatios) == ONEEOF)
     59:     {
     60:         printf("EOF");

--------------------------------------------------
Developed with:

The Dumb Artist Library (TX Library)
TXLib [Ver: 00173a, Rev: 173, Date: 2024-06-23 22:37:05 +0400]
Copyright (C) Ded (Ilya Dedinsky, http://txlib.ru) <mail@txlib.ru>
See license on: http://txlib.ru

TXLib file:	c:\users\kolys\downloads\codeblocks\mingw\include\txlib.h
Compiled:	Aug 22 2024 21:45:25, GNU g++ 4.8.1, std=201103L, MinGW Runtime 3.20, 32-bit, DEBUG
Started:	Aug 22 2024 21:45:29

Run file:	C:\Users\kolys\OneDrive\Рабочий стол\кв ур\кв ур3\квадратное ур3.exe
Directory:	C:\Users\kolys\OneDrive\Рабочий стол\кв ур\кв ур3

--------------------------------------------------

--------------------------------------------------
TXLib предупреждает:

Программа: C:\Users\kolys\OneDrive\Рабочий стол\кв ур\кв ур3\квадратное ур3.exe,

ВНЕЗАПНО: Деление на ноль при операции с плавающей точкой.

#1: Исключение EXCEPTION_FLT_DIVIDE_BY_ZERO (0xC000008E) при выполнении кода по адресу 0x0042C66C в функции SolveLine() в файле C:/Users/kolys/OneDrive/Рабочий стол/кв ур/кв ур3/квадратное ур3.cpp на строке 140 в модуле C:\Users\kolys\OneDrive\Рабочий стол\кв ур\кв ур3\квадратное ур3.exe. Спасибо _txVectoredExceptionHandler(), что сообщил. Люблю его <3

#1: TXLib [Ver: 00173a, Rev: 173, Date: 2024-06-23 22:37:05 +0400], Instance: 0x005072FC (32-bit), Flags: Cmdre0, Thread: 0x5370 (Main). 

--------------------------------------------------
Стек вызовов:

# 0 0x0042C66C in C:\Users\kolys\OneDrive\Рабочий стол\кв ур\кв ур3\квадратное ур3.exe: SolveLine() at C:/Users/kolys/OneDrive/Рабочий стол/кв ур/кв ур3/квадратное ур3.cpp (140):

    138:     else
    139:         {
=>  140:         *x1 = -b / c;
    141:         return ONEROOT;
    142:         }

# 1 0x0042C400 in C:\Users\kolys\OneDrive\Рабочий стол\кв ур\кв ур3\квадратное ур3.exe: SolveSquare() at C:/Users/kolys/OneDrive/Рабочий стол/кв ур/кв ур3/квадратное ур3.cpp (78):

     76: 
     77:     if(DoubleComparison(MainRatios -> a))
=>   78:         (MainDecisions -> nRoots) == SolveLine(MainRatios -> b, MainRatios -> c, &(MainDecisions -> x1));
     79:     else
     80:     {

# 2 0x0042C2D3 in C:\Users\kolys\OneDrive\Рабочий стол\кв ур\кв ур3\квадратное ур3.exe: main() at C:/Users/kolys/OneDrive/Рабочий стол/кв ур/кв ур3/квадратное ур3.cpp (64):

     62:     }
     63: 
=>   64:     SolveSquare(&MainRatios, &MainDecisions);
     65:     if(PrintRoots(&MainDecisions) == 1)
     66:         return 1;

--------------------------------------------------
Developed with:

The Dumb Artist Library (TX Library)
TXLib [Ver: 00173a, Rev: 173, Date: 2024-06-23 22:37:05 +0400]
Copyright (C) Ded (Ilya Dedinsky, http://txlib.ru) <mail@txlib.ru>
See license on: http://txlib.ru

TXLib file:	c:\users\kolys\downloads\codeblocks\mingw\include\txlib.h
Compiled:	Aug 22 2024 21:46:46, GNU g++ 4.8.1, std=201103L, MinGW Runtime 3.20, 32-bit, DEBUG
Started:	Aug 22 2024 21:50:00

Run file:	C:\Users\kolys\OneDrive\Рабочий стол\кв ур\кв ур3\квадратное ур3.exe
Directory:	C:\Users\kolys\OneDrive\Рабочий стол\кв ур\кв ур3

--------------------------------------------------

--------------------------------------------------
TXLib соболезнует...

Программа: C:\Users\kolys\OneDrive\Рабочий стол\кв ур\кв ур3\квадратное ур3.exe,

ВНЕЗАПНО: signal (8, 0x00): SIGFPE: Грубая ошибка в вычислениях. 

Деление на ноль при операции с плавающей точкой.

#1: Исключение EXCEPTION_FLT_DIVIDE_BY_ZERO (0xC000008E) при выполнении кода по адресу 0x0042C66C в функции SolveLine() в файле C:/Users/kolys/OneDrive/Рабочий стол/кв ур/кв ур3/квадратное ур3.cpp на строке 140 в модуле C:\Users\kolys\OneDrive\Рабочий стол\кв ур\кв ур3\квадратное ур3.exe. Спасибо _txVectoredExceptionHandler(), что сообщил. Люблю его <3

С помощью функции signal() вы можете сами обработать эту ошибку.

#2: TXLib [Ver: 00173a, Rev: 173, Date: 2024-06-23 22:37:05 +0400], Instance: 0x005072FC (32-bit), Flags: Cmdre0, Thread: 0x5370 (Main). 

--------------------------------------------------
Стек вызовов:

# 0 0x0042C66C in C:\Users\kolys\OneDrive\Рабочий стол\кв ур\кв ур3\квадратное ур3.exe: SolveLine() at C:/Users/kolys/OneDrive/Рабочий стол/кв ур/кв ур3/квадратное ур3.cpp (140):

    138:     else
    139:         {
=>  140:         *x1 = -b / c;
    141:         return ONEROOT;
    142:         }

# 1 0x0042C400 in C:\Users\kolys\OneDrive\Рабочий стол\кв ур\кв ур3\квадратное ур3.exe: SolveSquare() at C:/Users/kolys/OneDrive/Рабочий стол/кв ур/кв ур3/квадратное ур3.cpp (78):

     76: 
     77:     if(DoubleComparison(MainRatios -> a))
=>   78:         (MainDecisions -> nRoots) == SolveLine(MainRatios -> b, MainRatios -> c, &(MainDecisions -> x1));
     79:     else
     80:     {

# 2 0x0042C2D3 in C:\Users\kolys\OneDrive\Рабочий стол\кв ур\кв ур3\квадратное ур3.exe: main() at C:/Users/kolys/OneDrive/Рабочий стол/кв ур/кв ур3/квадратное ур3.cpp (64):

     62:     }
     63: 
=>   64:     SolveSquare(&MainRatios, &MainDecisions);
     65:     if(PrintRoots(&MainDecisions) == 1)
     66:         return 1;

--------------------------------------------------
Developed with:

The Dumb Artist Library (TX Library)
TXLib [Ver: 00173a, Rev: 173, Date: 2024-06-23 22:37:05 +0400]
Copyright (C) Ded (Ilya Dedinsky, http://txlib.ru) <mail@txlib.ru>
See license on: http://txlib.ru

TXLib file:	c:\users\kolys\downloads\codeblocks\mingw\include\txlib.h
Compiled:	Aug 22 2024 21:46:46, GNU g++ 4.8.1, std=201103L, MinGW Runtime 3.20, 32-bit, DEBUG
Started:	Aug 22 2024 21:50:00

Run file:	C:\Users\kolys\OneDrive\Рабочий стол\кв ур\кв ур3\квадратное ур3.exe
Directory:	C:\Users\kolys\OneDrive\Рабочий стол\кв ур\кв ур3

--------------------------------------------------
